<?xml version="1.0" encoding="UTF-8"?>
<!-- Generated by org.testng.reporters.JUnitReportReporter -->
<testsuite hostname="DESKTOP-1CLR98N" name="allTests.DemoTest" tests="2" failures="0" timestamp="25 Apr 2021 18:23:16 GMT" time="8.297" errors="0">
  <testcase name="myTest" time="3.509" classname="allTests.DemoTest"/>
  <testcase name="myTest" time="4.788" classname="allTests.DemoTest"/>
</testsuite> <!-- allTests.DemoTest -->
