<?xml version="1.0" encoding="UTF-8"?>
<!-- Generated by org.testng.reporters.JUnitReportReporter -->
<testsuite hostname="DESKTOP-1CLR98N" name="allTests.DemoTest" tests="1" failures="0" timestamp="30 Apr 2021 15:16:52 GMT" time="2.324" errors="0">
  <testcase name="myTest" time="2.324" classname="allTests.DemoTest"/>
</testsuite> <!-- allTests.DemoTest -->
