<?xml version="1.0" encoding="UTF-8"?>
<!-- Generated by org.testng.reporters.JUnitReportReporter -->
<testsuite skipped="0" hostname="DESKTOP-1CLR98N" name="allTests.DemoTest" tests="1" failures="0" timestamp="2021-05-03T00:28:14 IST" time="2.221" errors="0">
  <testcase name="myTest" time="2.221" classname="allTests.DemoTest"/>
  <system-out/>
</testsuite> <!-- allTests.DemoTest -->
