<?xml version="1.0" encoding="UTF-8"?>
<!-- Generated by org.testng.reporters.JUnitReportReporter -->
<testsuite skipped="0" hostname="DESKTOP-1CLR98N" name="allTests.DemoTest" tests="2" failures="0" timestamp="2021-04-26T23:45:16 IST" time="9.245" errors="0">
  <testcase name="myTest" time="5.629" classname="allTests.DemoTest"/>
  <system-out/>
  <testcase name="myTest" time="3.616" classname="allTests.DemoTest"/>
  <system-out/>
</testsuite> <!-- allTests.DemoTest -->
